<?xml version="1.0" encoding="UTF-8"?>
<!-- Generated by org.testng.reporters.JUnitXMLReporter -->
<testsuite ignored="0" hostname="DESKTOP-OVC0NH1" failures="0" tests="3" name="Default test" time="7.466" errors="0" timestamp="2025-04-07T12:58:04 IST">
  <testcase classname="API_TESTCASES.OXOAPI_001" name="APIKey" time="4.686"/>
  <testcase classname="API_TESTCASES.OXOAPI_001" name="GetOrderDetails" time="2.367"/>
  <testcase classname="API_TESTCASES.OXOAPI_001" name="invoice" time="0.343"/>
</testsuite> <!-- Default test -->
