<?xml version="1.0" encoding="UTF-8"?>
<testng-results ignored="0" total="4" passed="4" failed="0" skipped="0">
  <reporter-output>
  </reporter-output>
  <suite started-at="2025-04-05T20:07:17 IST" name="Default suite" finished-at="2025-04-05T20:07:26 IST" duration-ms="8636">
    <groups>
    </groups>
    <test started-at="2025-04-05T20:07:17 IST" name="Default test" finished-at="2025-04-05T20:07:26 IST" duration-ms="8636">
      <class name="API_TESTCASES.HTTP_Request">
        <test-method signature="GetUser()[pri:1, instance:API_TESTCASES.HTTP_Request@6bedbc4d]" started-at="2025-04-05T20:07:17 IST" name="GetUser" finished-at="2025-04-05T20:07:23 IST" duration-ms="6033" status="PASS">
          <reporter-output>
          </reporter-output>
        </test-method> <!-- GetUser -->
        <test-method signature="PostUser()[pri:2, instance:API_TESTCASES.HTTP_Request@6bedbc4d]" started-at="2025-04-05T20:07:23 IST" name="PostUser" finished-at="2025-04-05T20:07:24 IST" duration-ms="1360" status="PASS">
          <reporter-output>
          </reporter-output>
        </test-method> <!-- PostUser -->
        <test-method signature="PutUser()[pri:3, instance:API_TESTCASES.HTTP_Request@6bedbc4d]" started-at="2025-04-05T20:07:24 IST" name="PutUser" finished-at="2025-04-05T20:07:25 IST" depends-on-methods="API_TESTCASES.HTTP_Request.PostUser" duration-ms="404" status="PASS">
          <reporter-output>
          </reporter-output>
        </test-method> <!-- PutUser -->
        <test-method signature="DeleteUser()[pri:4, instance:API_TESTCASES.HTTP_Request@6bedbc4d]" started-at="2025-04-05T20:07:25 IST" name="DeleteUser" finished-at="2025-04-05T20:07:26 IST" duration-ms="748" status="PASS">
          <reporter-output>
          </reporter-output>
        </test-method> <!-- DeleteUser -->
      </class> <!-- API_TESTCASES.HTTP_Request -->
    </test> <!-- Default test -->
  </suite> <!-- Default suite -->
</testng-results>
